0 info it worked if it ends with ok
1 verbose cli [ 'node', '/usr/local/bin/npm', 'install', 'node-curl', '--save' ]
2 info using npm@2.10.1
3 info using node@v0.12.4
4 verbose node symlink /usr/local/bin/node
5 verbose install initial load of /Users/Moskalyk/Projects/MTC/package.json
6 warn package.json MTC@ No repository field.
7 warn package.json MTC@ No license field.
8 verbose installManyTop reading scoped package data from /Users/Moskalyk/Projects/MTC/node_modules/body-parser/package.json
9 verbose installManyTop reading scoped package data from /Users/Moskalyk/Projects/MTC/node_modules/compression/package.json
10 verbose installManyTop reading scoped package data from /Users/Moskalyk/Projects/MTC/node_modules/cookie-parser/package.json
11 verbose installManyTop reading scoped package data from /Users/Moskalyk/Projects/MTC/node_modules/express/package.json
12 verbose installManyTop reading scoped package data from /Users/Moskalyk/Projects/MTC/node_modules/helmet/package.json
13 verbose installManyTop reading scoped package data from /Users/Moskalyk/Projects/MTC/node_modules/instagram-node/package.json
14 verbose installManyTop reading scoped package data from /Users/Moskalyk/Projects/MTC/node_modules/method-override/package.json
15 verbose installManyTop reading scoped package data from /Users/Moskalyk/Projects/MTC/node_modules/mongoose/package.json
16 verbose installManyTop reading scoped package data from /Users/Moskalyk/Projects/MTC/node_modules/morgan/package.json
17 verbose installManyTop reading scoped package data from /Users/Moskalyk/Projects/MTC/node_modules/request/package.json
18 info package.json instagram-node@0.5.8 No license field.
19 verbose readDependencies loading dependencies from /Users/Moskalyk/Projects/MTC/package.json
20 silly cache add args [ 'node-curl', null ]
21 verbose cache add spec node-curl
22 silly cache add parsed spec { raw: 'node-curl',
22 silly cache add   scope: null,
22 silly cache add   name: 'node-curl',
22 silly cache add   rawSpec: '',
22 silly cache add   spec: '*',
22 silly cache add   type: 'range' }
23 silly addNamed node-curl@*
24 verbose addNamed "*" is a valid semver range for node-curl
25 silly addNameRange { name: 'node-curl', range: '*', hasData: false }
26 silly mapToRegistry name node-curl
27 silly mapToRegistry using default registry
28 silly mapToRegistry registry https://registry.npmjs.org/
29 silly mapToRegistry uri https://registry.npmjs.org/node-curl
30 verbose addNameRange registry:https://registry.npmjs.org/node-curl not in flight; fetching
31 verbose request uri https://registry.npmjs.org/node-curl
32 verbose request no auth needed
33 info attempt registry request try #1 at 16:16:06
34 verbose request id 6c1d158529327aa8
35 verbose etag "6BRQTSQA310L5MQWOUIIC9A6P"
36 http request GET https://registry.npmjs.org/node-curl
37 http 304 https://registry.npmjs.org/node-curl
38 silly get cb [ 304,
38 silly get   { date: 'Sat, 16 Jan 2016 21:16:06 GMT',
38 silly get     via: '1.1 varnish',
38 silly get     'cache-control': 'max-age=300',
38 silly get     etag: '"6BRQTSQA310L5MQWOUIIC9A6P"',
38 silly get     age: '0',
38 silly get     connection: 'keep-alive',
38 silly get     'x-served-by': 'cache-iad2140-IAD',
38 silly get     'x-cache': 'MISS',
38 silly get     'x-cache-hits': '0',
38 silly get     'x-timer': 'S1452978966.714366,VS0,VE426',
38 silly get     vary: 'Accept' } ]
39 verbose etag https://registry.npmjs.org/node-curl from cache
40 verbose get saving node-curl to /Users/Moskalyk/.npm/registry.npmjs.org/node-curl/.cache.json
41 silly addNameRange number 2 { name: 'node-curl', range: '*', hasData: true }
42 silly addNameRange versions [ 'node-curl',
42 silly addNameRange   [ '0.1.0',
42 silly addNameRange     '0.1.1',
42 silly addNameRange     '0.1.2',
42 silly addNameRange     '0.1.3',
42 silly addNameRange     '0.1.4',
42 silly addNameRange     '0.1.5',
42 silly addNameRange     '0.1.6',
42 silly addNameRange     '0.1.7',
42 silly addNameRange     '0.1.8',
42 silly addNameRange     '0.2.0',
42 silly addNameRange     '0.2.1',
42 silly addNameRange     '0.2.2',
42 silly addNameRange     '0.2.3',
42 silly addNameRange     '0.3.0',
42 silly addNameRange     '0.3.1',
42 silly addNameRange     '0.3.3' ] ]
43 silly addNamed node-curl@0.3.3
44 verbose addNamed "0.3.3" is a plain semver version for node-curl
45 silly cache afterAdd node-curl@0.3.3
46 verbose afterAdd /Users/Moskalyk/.npm/node-curl/0.3.3/package/package.json not in flight; writing
47 verbose afterAdd /Users/Moskalyk/.npm/node-curl/0.3.3/package/package.json written
48 silly install resolved [ { name: 'node-curl',
48 silly install resolved     version: '0.3.3',
48 silly install resolved     author: { name: 'Jiang Miao', email: 'jiangfriend@gmail.com' },
48 silly install resolved     description: 'node wrapper for multi curl, fully implemented.',
48 silly install resolved     keywords: [ 'node-curl', 'curl', 'multi-curl', 'mcurl' ],
48 silly install resolved     homepage: 'http://github.com/jiangmiao/node-curl',
48 silly install resolved     repository: { type: 'git', url: 'git://github.com/jiangmiao/node-curl.git' },
48 silly install resolved     main: './lib',
48 silly install resolved     scripts: { install: 'sh src/generate_curl_options_list.sh && (node-gyp rebuild || node-waf configure build)' },
48 silly install resolved     engines: { node: '>= 0.6.0' },
48 silly install resolved     bugs: { url: 'https://github.com/jiangmiao/node-curl/issues' },
48 silly install resolved     _id: 'node-curl@0.3.3',
48 silly install resolved     _shasum: '71274370774c2298b860307a9e45877701638735',
48 silly install resolved     _resolved: 'https://registry.npmjs.org/node-curl/-/node-curl-0.3.3.tgz',
48 silly install resolved     _from: 'node-curl@*',
48 silly install resolved     _npmVersion: '1.4.23',
48 silly install resolved     _npmUser: { name: 'jiangmiao', email: 'jiangfriend@gmail.com' },
48 silly install resolved     maintainers: [ [Object] ],
48 silly install resolved     dist:
48 silly install resolved      { shasum: '71274370774c2298b860307a9e45877701638735',
48 silly install resolved        tarball: 'http://registry.npmjs.org/node-curl/-/node-curl-0.3.3.tgz' },
48 silly install resolved     directories: {},
48 silly install resolved     readme: 'ERROR: No README data found!' } ]
49 info install node-curl@0.3.3 into /Users/Moskalyk/Projects/MTC
50 info installOne node-curl@0.3.3
51 verbose installOne of node-curl to /Users/Moskalyk/Projects/MTC not in flight; installing
52 verbose lock using /Users/Moskalyk/.npm/_locks/node-curl-7585be525df67f12.lock for /Users/Moskalyk/Projects/MTC/node_modules/node-curl
53 silly install write writing node-curl 0.3.3 to /Users/Moskalyk/Projects/MTC/node_modules/node-curl
54 verbose unbuild node_modules/node-curl
55 silly gentlyRm /Users/Moskalyk/Projects/MTC/node_modules/node-curl is being purged from base /Users/Moskalyk/Projects/MTC
56 verbose gentlyRm don't care about contents; nuking /Users/Moskalyk/Projects/MTC/node_modules/node-curl
57 verbose tar unpack /Users/Moskalyk/.npm/node-curl/0.3.3/package.tgz
58 verbose tar unpacking to /Users/Moskalyk/Projects/MTC/node_modules/node-curl
59 silly gentlyRm /Users/Moskalyk/Projects/MTC/node_modules/node-curl is being purged
60 verbose gentlyRm don't care about contents; nuking /Users/Moskalyk/Projects/MTC/node_modules/node-curl
61 silly gunzTarPerm modes [ '755', '644' ]
62 silly gunzTarPerm extractEntry package.json
63 silly gunzTarPerm extractEntry .npmignore
64 silly gunzTarPerm extractEntry README.md
65 silly gunzTarPerm extractEntry index.js
66 silly gunzTarPerm extractEntry binding.gyp
67 silly gunzTarPerm extractEntry examples/curl.js
68 silly gunzTarPerm extractEntry examples/low-level.js
69 silly gunzTarPerm extractEntry examples/post-multi-part.js
70 silly gunzTarPerm extractEntry examples/test.js
71 silly gunzTarPerm extractEntry examples/low-level-pressure.js
72 silly gunzTarPerm extractEntry examples/test-stream.js
73 silly gunzTarPerm extractEntry examples/pressure-multi-post.js
74 silly gunzTarPerm extractEntry examples/test-get-info.js
75 silly gunzTarPerm extractEntry examples/test-errors.js
76 silly gunzTarPerm extractEntry examples/quick-start.js
77 silly gunzTarPerm extractEntry examples/post.js
78 silly gunzTarPerm extractEntry examples/pressure.js
79 silly gunzTarPerm extractEntry examples/pressure.toffee
80 silly gunzTarPerm extractEntry examples/curl.toffee
81 silly gunzTarPerm extractEntry examples/test-errors.toffee
82 silly gunzTarPerm extractEntry examples/pressure-multi-post.toffee
83 silly gunzTarPerm extractEntry examples/post.toffee
84 silly gunzTarPerm extractEntry examples/test-stream.toffee
85 silly gunzTarPerm extractEntry examples/post-multi-part.toffee
86 silly gunzTarPerm extractEntry examples/test.toffee
87 silly gunzTarPerm extractEntry .travis.yml
88 silly gunzTarPerm extractEntry index.toffee
89 silly gunzTarPerm extractEntry lib/Curl.js
90 silly gunzTarPerm extractEntry lib/CurlBuilder.js
91 silly gunzTarPerm extractEntry lib/Curl.toffee
92 silly gunzTarPerm extractEntry lib/CurlBuilder.toffee
93 silly gunzTarPerm extractEntry LICENSE-MIT
94 silly gunzTarPerm extractEntry src/generate_curl_options_list.sh
95 silly gunzTarPerm extractEntry src/node-curl.cc
96 silly gunzTarPerm extractEntry src/node-curl.h
97 silly gunzTarPerm extractEntry wscript
98 verbose write writing to /Users/Moskalyk/Projects/MTC/node_modules/node-curl/package.json
99 info preinstall node-curl@0.3.3
100 verbose readDependencies loading dependencies from /Users/Moskalyk/Projects/MTC/node_modules/node-curl/package.json
101 verbose readDependencies loading dependencies from /Users/Moskalyk/Projects/MTC/node_modules/node-curl/package.json
102 silly install resolved []
103 verbose about to build /Users/Moskalyk/Projects/MTC/node_modules/node-curl
104 info build /Users/Moskalyk/Projects/MTC/node_modules/node-curl
105 info linkStuff node-curl@0.3.3
106 silly linkStuff node-curl@0.3.3 has /Users/Moskalyk/Projects/MTC/node_modules as its parent node_modules
107 verbose linkBins node-curl@0.3.3
108 verbose linkMans node-curl@0.3.3
109 verbose rebuildBundles node-curl@0.3.3
110 info install node-curl@0.3.3
111 verbose unsafe-perm in lifecycle false
112 info node-curl@0.3.3 Failed to exec install script
113 verbose unlock done using /Users/Moskalyk/.npm/_locks/node-curl-7585be525df67f12.lock for /Users/Moskalyk/Projects/MTC/node_modules/node-curl
114 verbose stack Error: node-curl@0.3.3 install: `sh src/generate_curl_options_list.sh && (node-gyp rebuild || node-waf configure build)`
114 verbose stack spawn ENOENT
114 verbose stack     at ChildProcess.<anonymous> (/usr/local/lib/node_modules/npm/lib/utils/spawn.js:17:16)
114 verbose stack     at ChildProcess.emit (events.js:110:17)
114 verbose stack     at maybeClose (child_process.js:1015:16)
114 verbose stack     at Process.ChildProcess._handle.onexit (child_process.js:1087:5)
115 verbose pkgid node-curl@0.3.3
116 verbose cwd /Users/Moskalyk/Projects/MTC
117 error Darwin 14.5.0
118 error argv "node" "/usr/local/bin/npm" "install" "node-curl" "--save"
119 error node v0.12.4
120 error npm  v2.10.1
121 error file sh
122 error code ELIFECYCLE
123 error errno ENOENT
124 error syscall spawn
125 error node-curl@0.3.3 install: `sh src/generate_curl_options_list.sh && (node-gyp rebuild || node-waf configure build)`
125 error spawn ENOENT
126 error Failed at the node-curl@0.3.3 install script 'sh src/generate_curl_options_list.sh && (node-gyp rebuild || node-waf configure build)'.
126 error This is most likely a problem with the node-curl package,
126 error not with npm itself.
126 error Tell the author that this fails on your system:
126 error     sh src/generate_curl_options_list.sh && (node-gyp rebuild || node-waf configure build)
126 error You can get their info via:
126 error     npm owner ls node-curl
126 error There is likely additional logging output above.
127 verbose exit [ 1, true ]
128 verbose unbuild node_modules/node-curl
129 info preuninstall node-curl@0.3.3
130 info uninstall node-curl@0.3.3
131 verbose unbuild rmStuff node-curl@0.3.3 from /Users/Moskalyk/Projects/MTC/node_modules
132 info postuninstall node-curl@0.3.3
133 silly gentlyRm /Users/Moskalyk/Projects/MTC/node_modules/node-curl is being purged from base /Users/Moskalyk/Projects/MTC
134 verbose gentlyRm don't care about contents; nuking /Users/Moskalyk/Projects/MTC/node_modules/node-curl
135 silly vacuum-fs purging /Users/Moskalyk/Projects/MTC/node_modules/node-curl
136 silly vacuum-fs quitting because other entries in /Users/Moskalyk/Projects/MTC/node_modules
